c:\users\burdu\source\repos\proj\raytracing\debug\vc142.pdb
c:\users\burdu\source\repos\proj\raytracing\debug\vc142.idb
c:\users\burdu\source\repos\proj\raytracing\debug\zhizha.obj
c:\users\burdu\source\repos\proj\raytracing\debug\obj3d.obj
c:\users\burdu\source\repos\proj\raytracing\debug\material.obj
c:\users\burdu\source\repos\proj\raytracing\debug\collision.obj
c:\users\burdu\source\repos\proj\raytracing\debug\actor.obj
c:\users\burdu\source\repos\proj\raytracing\debug\glad.obj
e:\repositorii\zhizha\zhizha\raytracing\debug\vc142.pdb
e:\repositorii\zhizha\zhizha\raytracing\debug\vc142.idb
e:\repositorii\zhizha\zhizha\raytracing\debug\zhizha.obj
e:\repositorii\zhizha\zhizha\raytracing\debug\staticmesh.obj
e:\repositorii\zhizha\zhizha\raytracing\debug\material.obj
e:\repositorii\zhizha\zhizha\raytracing\debug\collision.obj
e:\repositorii\zhizha\zhizha\raytracing\debug\actor.obj
e:\repositorii\zhizha\zhizha\raytracing\debug\glad.obj
e:\repositorii\zhizha\zhizha\raytracing\debug\world.obj
e:\repositorii\zhizha\zhizha\raytracing\debug\pupsyatypes.obj
e:\repositorii\zhizha\zhizha\raytracing\debug\character.obj
c:\users\burdu\source\repos\proj\debug\zhizha.ilk
c:\users\burdu\source\repos\proj\debug\zhizha.exe
c:\users\burdu\source\repos\proj\debug\zhizha.pdb
e:\repositorii\zhizha\zhizha\debug\zhizha.exe
e:\repositorii\zhizha\zhizha\debug\zhizha.ilk
e:\repositorii\zhizha\zhizha\debug\zhizha.pdb
c:\users\burdu\source\repos\proj\raytracing\debug\raytracing.res
e:\repositorii\zhizha\zhizha\raytracing\debug\raytracing.res
e:\repositorii\zhizha\zhizha\raytracing\debug\obj3d.obj
e:\repositorii\zhizha\zhizha\raytracing\debug\zhizha.tlog\cl.command.1.tlog
e:\repositorii\zhizha\zhizha\raytracing\debug\zhizha.tlog\cl.read.1.tlog
e:\repositorii\zhizha\zhizha\raytracing\debug\zhizha.tlog\cl.write.1.tlog
e:\repositorii\zhizha\zhizha\raytracing\debug\zhizha.tlog\link.command.1.tlog
e:\repositorii\zhizha\zhizha\raytracing\debug\zhizha.tlog\link.read.1.tlog
e:\repositorii\zhizha\zhizha\raytracing\debug\zhizha.tlog\link.write.1.tlog
e:\repositorii\zhizha\zhizha\raytracing\debug\zhizha.tlog\rc.command.1.tlog
e:\repositorii\zhizha\zhizha\raytracing\debug\zhizha.tlog\rc.read.1.tlog
e:\repositorii\zhizha\zhizha\raytracing\debug\zhizha.tlog\rc.write.1.tlog
