c:\users\burdu\source\repos\raytracing\raytracing\debug\vc142.pdb
c:\users\burdu\source\repos\raytracing\raytracing\debug\vc142.idb
c:\users\burdu\source\repos\raytracing\raytracing\debug\raytracing.obj
c:\users\burdu\source\repos\raytracing\raytracing\debug\raytracing.res
c:\users\burdu\source\repos\raytracing\debug\raytracing.pdb
c:\users\burdu\source\repos\raytracing\raytracing\debug\raytracing.tlog\cl.command.1.tlog
c:\users\burdu\source\repos\raytracing\raytracing\debug\raytracing.tlog\cl.read.1.tlog
c:\users\burdu\source\repos\raytracing\raytracing\debug\raytracing.tlog\cl.write.1.tlog
c:\users\burdu\source\repos\raytracing\raytracing\debug\raytracing.tlog\link.4748-cvtres.read.1.tlog
c:\users\burdu\source\repos\raytracing\raytracing\debug\raytracing.tlog\link.4748-cvtres.write.1.tlog
c:\users\burdu\source\repos\raytracing\raytracing\debug\raytracing.tlog\link.4748-rc.read.1.tlog
c:\users\burdu\source\repos\raytracing\raytracing\debug\raytracing.tlog\link.4748-rc.write.1.tlog
c:\users\burdu\source\repos\raytracing\raytracing\debug\raytracing.tlog\link.4748.read.1.tlog
c:\users\burdu\source\repos\raytracing\raytracing\debug\raytracing.tlog\link.4748.write.1.tlog
c:\users\burdu\source\repos\raytracing\raytracing\debug\raytracing.tlog\link.command.1.tlog
c:\users\burdu\source\repos\raytracing\raytracing\debug\raytracing.tlog\link.read.1.tlog
c:\users\burdu\source\repos\raytracing\raytracing\debug\raytracing.tlog\link.write.1.tlog
c:\users\burdu\source\repos\raytracing\raytracing\debug\raytracing.tlog\rc.command.1.tlog
c:\users\burdu\source\repos\raytracing\raytracing\debug\raytracing.tlog\rc.read.1.tlog
c:\users\burdu\source\repos\raytracing\raytracing\debug\raytracing.tlog\rc.write.1.tlog
